2024-08-30 00:19:02.117 [info] (Client) Pylance async client (2024.8.2) started with python extension (2024.12.3)
2024-08-30 00:19:02.532 [info] [Info  - 00:19:02] (8848) Server root directory: file:///home/vstkxj/.vscode/extensions/ms-python.vscode-pylance-2024.8.2/dist
2024-08-30 00:19:02.532 [info] [Info  - 00:19:02] (8848) Experimental Pylance language server 2024.8.2 (pyright version 1.1.373, commit ee424479) starting
2024-08-30 00:19:02.546 [info] [Info  - 00:19:02] (8848) Starting service instance "<default>"
2024-08-30 00:19:02.569 [info] [Info  - 00:19:02] (8848) Setting pythonPath for service "<default>": "/bin/python"
2024-08-30 00:19:02.570 [info] [Info  - 00:19:02] (8848) Setting environmentName for service "<default>": "3.12.5 (global)"
2024-08-30 00:19:02.570 [info] [Info  - 00:19:02] (8848) No include entries specified; assuming /<default workspace root>
2024-08-30 00:19:02.570 [info] [Info  - 00:19:02] (8848) Auto-excluding **/node_modules
2024-08-30 00:19:02.570 [info] [Info  - 00:19:02] (8848) Auto-excluding **/__pycache__
2024-08-30 00:19:02.570 [info] [Info  - 00:19:02] (8848) Auto-excluding **/.*
2024-08-30 00:19:02.589 [info] [Info  - 00:19:02] (8848) Assuming Python version 3.12.5.final.0
2024-08-30 00:19:02.629 [info] [Error - 00:19:02] (8848) File or directory "/<default workspace root>" does not exist.
2024-08-30 00:19:02.629 [info] [Info  - 00:19:02] (8848) No source files found.
2024-08-30 00:19:02.658 [info] [Info  - 00:19:02] (8848) Setting pythonPath for service "<default>": "/bin/python"
2024-08-30 00:19:02.658 [info] [Info  - 00:19:02] (8848) Setting environmentName for service "<default>": "3.12.5 (global)"
2024-08-30 00:19:02.658 [info] [Info  - 00:19:02] (8848) No include entries specified; assuming /<default workspace root>
2024-08-30 00:19:02.658 [info] [Info  - 00:19:02] (8848) Auto-excluding **/node_modules
2024-08-30 00:19:02.658 [info] [Info  - 00:19:02] (8848) Auto-excluding **/__pycache__
2024-08-30 00:19:02.659 [info] [Info  - 00:19:02] (8848) Auto-excluding **/.*
2024-08-30 00:19:02.676 [info] [Info  - 00:19:02] (8848) Assuming Python version 3.12.5.final.0
2024-08-30 00:19:02.706 [info] [Error - 00:19:02] (8848) File or directory "/<default workspace root>" does not exist.
2024-08-30 00:19:02.707 [info] [Info  - 00:19:02] (8848) No source files found.
2024-08-30 00:19:02.926 [info] [Info  - 00:19:02] (8848) Background analysis(1) root directory: file:///home/vstkxj/.vscode/extensions/ms-python.vscode-pylance-2024.8.2/dist
2024-08-30 00:19:02.927 [info] [Info  - 00:19:02] (8848) Background analysis(1) started
