2024-08-30 00:19:00.946 [info] Starting Python Locator /home/vstkxj/.vscode/extensions/ms-python.python-2024.12.3-linux-x64/python-env-tools/bin/pet server
2024-08-30 00:19:01.353 [info] Discovered env: /bin/python
2024-08-30 00:19:01.353 [info] Discovered env: /usr/bin/python
2024-08-30 00:19:01.354 [info] Discovered env: /bin/python3
2024-08-30 00:19:01.356 [info] Discovered env: /usr/bin/python3
2024-08-30 00:19:01.356 [info] Discovered env: /bin/python3.12
2024-08-30 00:19:01.357 [info] Discovered env: /usr/bin/python3.12
2024-08-30 00:19:01.359 [info] Env ("/sbin/python") in Path resolved as ResolvedPythonEnv { executable: "/sbin/python", prefix: "/usr", version: "3.12.5.final.0", is64_bit: true, symlinks: Some(["/sbin/python"]) } and reported as Some(GlobalPaths)
2024-08-30 00:19:01.359 [info] Discovered env: /sbin/python
2024-08-30 00:19:01.359 [info] Env ("/usr/sbin/python") in Path resolved as ResolvedPythonEnv { executable: "/usr/sbin/python", prefix: "/usr", version: "3.12.5.final.0", is64_bit: true, symlinks: Some(["/usr/sbin/python"]) } and reported as Some(GlobalPaths)
2024-08-30 00:19:01.359 [info] Discovered env: /usr/sbin/python
2024-08-30 00:19:01.359 [info] Env ("/sbin/python3") in Path resolved as ResolvedPythonEnv { executable: "/sbin/python3", prefix: "/usr", version: "3.12.5.final.0", is64_bit: true, symlinks: Some(["/sbin/python3"]) } and reported as Some(GlobalPaths)
2024-08-30 00:19:01.359 [info] Discovered env: /sbin/python3
2024-08-30 00:19:01.363 [info] Env ("/usr/sbin/python3") in Path resolved as ResolvedPythonEnv { executable: "/usr/sbin/python3", prefix: "/usr", version: "3.12.5.final.0", is64_bit: true, symlinks: Some(["/usr/sbin/python3"]) } and reported as Some(GlobalPaths)
2024-08-30 00:19:01.364 [info] Discovered env: /usr/sbin/python3
2024-08-30 00:19:01.364 [info] Env ("/sbin/python3.12") in Path resolved as ResolvedPythonEnv { executable: "/sbin/python3.12", prefix: "/usr", version: "3.12.5.final.0", is64_bit: true, symlinks: Some(["/sbin/python3.12"]) } and reported as Some(GlobalPaths)
2024-08-30 00:19:01.364 [info] Env ("/usr/sbin/python3.12") in Path resolved as ResolvedPythonEnv { executable: "/usr/sbin/python3.12", prefix: "/usr", version: "3.12.5.final.0", is64_bit: true, symlinks: Some(["/usr/sbin/python3.12"]) } and reported as Some(GlobalPaths)
2024-08-30 00:19:01.364 [info] Discovered env: /sbin/python3.12
2024-08-30 00:19:01.364 [info] Discovered env: /usr/sbin/python3.12
2024-08-30 00:19:01.365 [info] Resolved /bin/python
2024-08-30 00:19:01.368 [info] Resolved /usr/bin/python
2024-08-30 00:19:01.387 [info] Resolved /bin/python3
2024-08-30 00:19:01.387 [info] Resolved /usr/bin/python3
2024-08-30 00:19:01.387 [info] Resolved /bin/python3.12
2024-08-30 00:19:01.388 [info] Resolved /usr/bin/python3.12
2024-08-30 00:19:01.501 [info] Locator Conda took 557.580351ms
2024-08-30 00:19:01.501 [info] Locator Homebrew took 238.901µs
2024-08-30 00:19:01.501 [info] Locator LinuxGlobal took 58.075548ms
2024-08-30 00:19:01.501 [info] Locator PipEnv took 10.594µs
2024-08-30 00:19:01.501 [info] Locator Poetry took 100.711µs
2024-08-30 00:19:01.501 [info] Locator PyEnv took 37.643082ms
2024-08-30 00:19:01.501 [info] Locator Venv took 13.975µs
2024-08-30 00:19:01.501 [info] Locator VirtualEnv took 58.708µs
2024-08-30 00:19:01.501 [info] Locator VirtualEnvWrapper took 13.736µs
2024-08-30 00:19:01.501 [info] Locator GlobalVirtualEnvs took 105.566µs
2024-08-30 00:19:01.501 [info] Locator Locators took 557.922613ms
2024-08-30 00:19:01.501 [info] Locator Path took 114.014961ms
2024-08-30 00:19:01.501 [info] Locator Workspaces took 673ns
2024-08-30 00:19:01.501 [info] Refresh completed in 557ms
