2024-08-25 13:42:42.816 [info] [main] Log level: Info
2024-08-25 13:42:42.816 [info] [main] Validating found git in: "git"
2024-08-25 13:42:42.816 [info] [main] Using git "2.46.0" from "git"
2024-08-25 13:42:42.816 [info] [Model][doInitialScan] Initial repository scan started
2024-08-25 13:42:42.820 [info] > git rev-parse --show-toplevel [6ms]
2024-08-25 13:42:42.820 [info] fatal: not a git repository (or any parent up to mount point /)
Stopping at filesystem boundary (GIT_DISCOVERY_ACROSS_FILESYSTEM not set).
2024-08-25 13:42:42.827 [info] > git rev-parse --show-toplevel [2ms]
2024-08-25 13:42:42.828 [info] fatal: not a git repository (or any parent up to mount point /)
Stopping at filesystem boundary (GIT_DISCOVERY_ACROSS_FILESYSTEM not set).
2024-08-25 13:42:42.836 [info] > git rev-parse --show-toplevel [1ms]
2024-08-25 13:42:42.836 [info] fatal: not a git repository (or any parent up to mount point /)
Stopping at filesystem boundary (GIT_DISCOVERY_ACROSS_FILESYSTEM not set).
2024-08-25 13:42:42.871 [info] > git rev-parse --show-toplevel [31ms]
2024-08-25 13:42:42.871 [info] fatal: not a git repository (or any parent up to mount point /)
Stopping at filesystem boundary (GIT_DISCOVERY_ACROSS_FILESYSTEM not set).
2024-08-25 13:42:42.886 [info] > git rev-parse --show-toplevel [7ms]
2024-08-25 13:42:42.887 [info] fatal: not a git repository (or any parent up to mount point /)
Stopping at filesystem boundary (GIT_DISCOVERY_ACROSS_FILESYSTEM not set).
2024-08-25 13:42:42.906 [info] > git rev-parse --show-toplevel [13ms]
2024-08-25 13:42:42.906 [info] fatal: not a git repository (or any parent up to mount point /)
Stopping at filesystem boundary (GIT_DISCOVERY_ACROSS_FILESYSTEM not set).
2024-08-25 13:42:42.915 [info] > git rev-parse --show-toplevel [1ms]
2024-08-25 13:42:42.915 [info] fatal: not a git repository (or any parent up to mount point /)
Stopping at filesystem boundary (GIT_DISCOVERY_ACROSS_FILESYSTEM not set).
2024-08-25 13:42:42.920 [info] > git rev-parse --show-toplevel [1ms]
2024-08-25 13:42:42.920 [info] fatal: not a git repository (or any parent up to mount point /)
Stopping at filesystem boundary (GIT_DISCOVERY_ACROSS_FILESYSTEM not set).
2024-08-25 13:42:42.926 [info] > git rev-parse --show-toplevel [1ms]
2024-08-25 13:42:42.926 [info] fatal: not a git repository (or any parent up to mount point /)
Stopping at filesystem boundary (GIT_DISCOVERY_ACROSS_FILESYSTEM not set).
2024-08-25 13:42:42.932 [info] > git rev-parse --show-toplevel [2ms]
2024-08-25 13:42:42.933 [info] fatal: not a git repository (or any parent up to mount point /)
Stopping at filesystem boundary (GIT_DISCOVERY_ACROSS_FILESYSTEM not set).
2024-08-25 13:42:42.938 [info] > git rev-parse --show-toplevel [1ms]
2024-08-25 13:42:42.938 [info] fatal: not a git repository (or any parent up to mount point /)
Stopping at filesystem boundary (GIT_DISCOVERY_ACROSS_FILESYSTEM not set).
2024-08-25 13:42:42.944 [info] > git rev-parse --show-toplevel [2ms]
2024-08-25 13:42:42.944 [info] fatal: not a git repository (or any parent up to mount point /)
Stopping at filesystem boundary (GIT_DISCOVERY_ACROSS_FILESYSTEM not set).
2024-08-25 13:42:42.948 [info] > git rev-parse --show-toplevel [1ms]
2024-08-25 13:42:42.949 [info] fatal: not a git repository (or any parent up to mount point /)
Stopping at filesystem boundary (GIT_DISCOVERY_ACROSS_FILESYSTEM not set).
2024-08-25 13:42:42.954 [info] > git rev-parse --show-toplevel [2ms]
2024-08-25 13:42:42.954 [info] fatal: not a git repository (or any parent up to mount point /)
Stopping at filesystem boundary (GIT_DISCOVERY_ACROSS_FILESYSTEM not set).
2024-08-25 13:42:42.961 [info] > git rev-parse --show-toplevel [3ms]
2024-08-25 13:42:42.961 [info] fatal: not a git repository (or any parent up to mount point /)
Stopping at filesystem boundary (GIT_DISCOVERY_ACROSS_FILESYSTEM not set).
2024-08-25 13:42:42.966 [info] > git rev-parse --show-toplevel [1ms]
2024-08-25 13:42:42.966 [info] fatal: not a git repository (or any parent up to mount point /)
Stopping at filesystem boundary (GIT_DISCOVERY_ACROSS_FILESYSTEM not set).
2024-08-25 13:42:42.970 [info] > git rev-parse --show-toplevel [1ms]
2024-08-25 13:42:42.970 [info] fatal: not a git repository (or any parent up to mount point /)
Stopping at filesystem boundary (GIT_DISCOVERY_ACROSS_FILESYSTEM not set).
2024-08-25 13:42:42.974 [info] > git rev-parse --show-toplevel [1ms]
2024-08-25 13:42:42.974 [info] fatal: not a git repository (or any parent up to mount point /)
Stopping at filesystem boundary (GIT_DISCOVERY_ACROSS_FILESYSTEM not set).
2024-08-25 13:42:42.976 [info] [Model][doInitialScan] Initial repository scan completed - repositories (0), closed repositories (0), parent repositories (0), unsafe repositories (0)
2024-08-25 13:42:43.702 [info] > git rev-parse --show-toplevel [2ms]
2024-08-25 13:42:43.702 [info] fatal: not a git repository (or any parent up to mount point /)
Stopping at filesystem boundary (GIT_DISCOVERY_ACROSS_FILESYSTEM not set).
2024-08-25 13:42:51.623 [info] > git rev-parse --show-toplevel [2ms]
2024-08-25 13:42:51.623 [info] fatal: not a git repository (or any parent up to mount point /)
Stopping at filesystem boundary (GIT_DISCOVERY_ACROSS_FILESYSTEM not set).
2024-08-25 13:42:52.429 [info] > git rev-parse --show-toplevel [1ms]
2024-08-25 13:42:52.429 [info] fatal: not a git repository (or any parent up to mount point /)
Stopping at filesystem boundary (GIT_DISCOVERY_ACROSS_FILESYSTEM not set).
2024-08-25 13:43:14.639 [info] > git rev-parse --show-toplevel [1ms]
2024-08-25 13:43:14.639 [info] fatal: not a git repository (or any parent up to mount point /)
Stopping at filesystem boundary (GIT_DISCOVERY_ACROSS_FILESYSTEM not set).
2024-08-25 13:43:16.439 [info] > git rev-parse --show-toplevel [1ms]
2024-08-25 13:43:16.439 [info] fatal: not a git repository (or any parent up to mount point /)
Stopping at filesystem boundary (GIT_DISCOVERY_ACROSS_FILESYSTEM not set).
2024-08-25 13:43:31.122 [info] > git rev-parse --show-toplevel [5ms]
2024-08-25 13:43:31.122 [info] fatal: not a git repository (or any parent up to mount point /)
Stopping at filesystem boundary (GIT_DISCOVERY_ACROSS_FILESYSTEM not set).
2024-08-25 13:43:31.163 [info] > git rev-parse --show-toplevel [2ms]
2024-08-25 13:43:31.163 [info] fatal: not a git repository (or any parent up to mount point /)
Stopping at filesystem boundary (GIT_DISCOVERY_ACROSS_FILESYSTEM not set).
2024-08-25 13:43:40.724 [info] > git rev-parse --show-toplevel [1ms]
2024-08-25 13:43:40.724 [info] fatal: not a git repository (or any parent up to mount point /)
Stopping at filesystem boundary (GIT_DISCOVERY_ACROSS_FILESYSTEM not set).
2024-08-25 13:44:02.825 [info] > git rev-parse --show-toplevel [2ms]
2024-08-25 13:44:02.825 [info] fatal: not a git repository (or any parent up to mount point /)
Stopping at filesystem boundary (GIT_DISCOVERY_ACROSS_FILESYSTEM not set).
2024-08-25 13:44:05.967 [info] > git rev-parse --show-toplevel [1ms]
2024-08-25 13:44:05.967 [info] fatal: not a git repository (or any parent up to mount point /)
Stopping at filesystem boundary (GIT_DISCOVERY_ACROSS_FILESYSTEM not set).
