2024-08-30 00:18:53.940 [info] Getting Manifest... ms-python.python
2024-08-30 00:18:53.946 [info] Installing extension: ms-python.python {"isMachineScoped":false,"profileLocation":{"$mid":1,"external":"vscode-userdata:/home/vstkxj/.vscode/extensions/extensions.json","path":"/home/vstkxj/.vscode/extensions/extensions.json","scheme":"vscode-userdata"},"installOnlyNewlyAddedFromExtensionPack":true,"isApplicationScoped":false,"productVersion":{"version":"1.92.2","date":"2024-08-14T17:29:30.058Z"}}
2024-08-30 00:18:54.756 [info] Getting Manifest... ms-python.vscode-pylance
2024-08-30 00:18:54.801 [info] Getting Manifest... ms-python.debugpy
2024-08-30 00:18:54.829 [info] Installing extension: ms-python.vscode-pylance {"isMachineScoped":false,"profileLocation":{"$mid":1,"external":"vscode-userdata:/home/vstkxj/.vscode/extensions/extensions.json","path":"/home/vstkxj/.vscode/extensions/extensions.json","scheme":"vscode-userdata"},"installOnlyNewlyAddedFromExtensionPack":true,"isApplicationScoped":false,"productVersion":{"version":"1.92.2","date":"2024-08-14T17:29:30.058Z"},"context":{"dependecyOrPackExtensionInstall":true}}
2024-08-30 00:18:54.829 [info] Installing extension: ms-python.debugpy {"isMachineScoped":false,"profileLocation":{"$mid":1,"external":"vscode-userdata:/home/vstkxj/.vscode/extensions/extensions.json","path":"/home/vstkxj/.vscode/extensions/extensions.json","scheme":"vscode-userdata"},"installOnlyNewlyAddedFromExtensionPack":true,"isApplicationScoped":false,"productVersion":{"version":"1.92.2","date":"2024-08-14T17:29:30.058Z"},"context":{"dependecyOrPackExtensionInstall":true}}
2024-08-30 00:18:56.577 [info] Extension signature verification result for ms-python.python: UnknownError. Executed: true. Duration: 73ms.
2024-08-30 00:18:56.577 [info] Extension signature verification result for ms-python.debugpy: UnknownError. Executed: true. Duration: 84ms.
2024-08-30 00:18:56.942 [info] Extracted extension to file:///home/vstkxj/.vscode/extensions/ms-python.debugpy-2024.10.0-linux-x64: ms-python.debugpy
2024-08-30 00:18:56.983 [info] Renamed to /home/vstkxj/.vscode/extensions/ms-python.debugpy-2024.10.0-linux-x64
2024-08-30 00:18:57.007 [info] Extension signature verification result for ms-python.vscode-pylance: UnknownError. Executed: true. Duration: 5ms.
2024-08-30 00:18:57.066 [error] [uncaught exception in sharedProcess]: Error: ENOENT: no such file or directory, stat '/home/vstkxj/.vscode/extensions/extensions.json.vsctmp': EntryNotFound (FileSystemError): Error: ENOENT: no such file or directory, stat '/home/vstkxj/.vscode/extensions/extensions.json.vsctmp'
    at o.create (/opt/visual-studio-code/resources/app/out/vs/code/node/sharedProcess/sharedProcessMain.js:54:19408)
    at u (/opt/visual-studio-code/resources/app/out/vs/code/node/sharedProcess/sharedProcessMain.js:54:19519)
    at p.hb (/opt/visual-studio-code/resources/app/out/vs/code/node/sharedProcess/sharedProcessMain.js:59:36714)
    at p.stat (/opt/visual-studio-code/resources/app/out/vs/code/node/sharedProcess/sharedProcessMain.js:59:29034)
    at async c.stat (/opt/visual-studio-code/resources/app/out/vs/code/node/sharedProcess/sharedProcessMain.js:59:14940)
    at async z.ub (/opt/visual-studio-code/resources/app/out/vs/code/node/sharedProcess/sharedProcessMain.js:105:120384)
2024-08-30 00:18:57.777 [info] Extracted extension to file:///home/vstkxj/.vscode/extensions/ms-python.python-2024.12.3-linux-x64: ms-python.python
2024-08-30 00:18:57.864 [info] Renamed to /home/vstkxj/.vscode/extensions/ms-python.python-2024.12.3-linux-x64
2024-08-30 00:18:57.945 [error] [uncaught exception in sharedProcess]: Error: ENOENT: no such file or directory, stat '/home/vstkxj/.vscode/extensions/extensions.json.vsctmp': EntryNotFound (FileSystemError): Error: ENOENT: no such file or directory, stat '/home/vstkxj/.vscode/extensions/extensions.json.vsctmp'
    at o.create (/opt/visual-studio-code/resources/app/out/vs/code/node/sharedProcess/sharedProcessMain.js:54:19408)
    at u (/opt/visual-studio-code/resources/app/out/vs/code/node/sharedProcess/sharedProcessMain.js:54:19519)
    at p.hb (/opt/visual-studio-code/resources/app/out/vs/code/node/sharedProcess/sharedProcessMain.js:59:36714)
    at p.stat (/opt/visual-studio-code/resources/app/out/vs/code/node/sharedProcess/sharedProcessMain.js:59:29034)
    at async c.stat (/opt/visual-studio-code/resources/app/out/vs/code/node/sharedProcess/sharedProcessMain.js:59:14940)
    at async z.ub (/opt/visual-studio-code/resources/app/out/vs/code/node/sharedProcess/sharedProcessMain.js:105:120384)
2024-08-30 00:19:00.008 [info] Extracted extension to file:///home/vstkxj/.vscode/extensions/ms-python.vscode-pylance-2024.8.2: ms-python.vscode-pylance
2024-08-30 00:19:00.441 [info] Renamed to /home/vstkxj/.vscode/extensions/ms-python.vscode-pylance-2024.8.2
2024-08-30 00:19:00.461 [info] Extension installed successfully: ms-python.debugpy vscode-userdata:/home/vstkxj/.vscode/extensions/extensions.json
2024-08-30 00:19:00.461 [info] Extension installed successfully: ms-python.python vscode-userdata:/home/vstkxj/.vscode/extensions/extensions.json
2024-08-30 00:19:00.461 [info] Extension installed successfully: ms-python.vscode-pylance vscode-userdata:/home/vstkxj/.vscode/extensions/extensions.json
2024-08-30 00:19:00.523 [error] [uncaught exception in sharedProcess]: Error: ENOENT: no such file or directory, stat '/home/vstkxj/.vscode/extensions/extensions.json.vsctmp': EntryNotFound (FileSystemError): Error: ENOENT: no such file or directory, stat '/home/vstkxj/.vscode/extensions/extensions.json.vsctmp'
    at o.create (/opt/visual-studio-code/resources/app/out/vs/code/node/sharedProcess/sharedProcessMain.js:54:19408)
    at u (/opt/visual-studio-code/resources/app/out/vs/code/node/sharedProcess/sharedProcessMain.js:54:19519)
    at p.hb (/opt/visual-studio-code/resources/app/out/vs/code/node/sharedProcess/sharedProcessMain.js:59:36714)
    at p.stat (/opt/visual-studio-code/resources/app/out/vs/code/node/sharedProcess/sharedProcessMain.js:59:29034)
    at async c.stat (/opt/visual-studio-code/resources/app/out/vs/code/node/sharedProcess/sharedProcessMain.js:59:14940)
    at async z.ub (/opt/visual-studio-code/resources/app/out/vs/code/node/sharedProcess/sharedProcessMain.js:105:120384)
