2024-08-25 17:54:50.302 [info] [main] Log level: Info
2024-08-25 17:54:50.302 [info] [main] Validating found git in: "git"
2024-08-25 17:54:50.302 [info] [main] Using git "2.46.0" from "git"
2024-08-25 17:54:50.302 [info] [Model][doInitialScan] Initial repository scan started
2024-08-25 17:54:50.302 [info] > git rev-parse --show-toplevel [15ms]
2024-08-25 17:54:50.302 [info] fatal: not a git repository (or any parent up to mount point /)
Stopping at filesystem boundary (GIT_DISCOVERY_ACROSS_FILESYSTEM not set).
2024-08-25 17:54:50.302 [info] > git rev-parse --show-toplevel [1ms]
2024-08-25 17:54:50.302 [info] fatal: not a git repository (or any parent up to mount point /)
Stopping at filesystem boundary (GIT_DISCOVERY_ACROSS_FILESYSTEM not set).
2024-08-25 17:54:50.314 [info] > git rev-parse --show-toplevel [6ms]
2024-08-25 17:54:50.314 [info] fatal: not a git repository (or any parent up to mount point /)
Stopping at filesystem boundary (GIT_DISCOVERY_ACROSS_FILESYSTEM not set).
2024-08-25 17:54:50.360 [info] > git rev-parse --show-toplevel [39ms]
2024-08-25 17:54:50.360 [info] fatal: not a git repository (or any parent up to mount point /)
Stopping at filesystem boundary (GIT_DISCOVERY_ACROSS_FILESYSTEM not set).
2024-08-25 17:54:50.382 [info] > git rev-parse --show-toplevel [10ms]
2024-08-25 17:54:50.383 [info] fatal: not a git repository (or any parent up to mount point /)
Stopping at filesystem boundary (GIT_DISCOVERY_ACROSS_FILESYSTEM not set).
2024-08-25 17:54:50.410 [info] > git rev-parse --show-toplevel [23ms]
2024-08-25 17:54:50.410 [info] fatal: not a git repository (or any parent up to mount point /)
Stopping at filesystem boundary (GIT_DISCOVERY_ACROSS_FILESYSTEM not set).
2024-08-25 17:54:50.417 [info] > git rev-parse --show-toplevel [2ms]
2024-08-25 17:54:50.417 [info] fatal: not a git repository (or any parent up to mount point /)
Stopping at filesystem boundary (GIT_DISCOVERY_ACROSS_FILESYSTEM not set).
2024-08-25 17:54:50.423 [info] > git rev-parse --show-toplevel [2ms]
2024-08-25 17:54:50.426 [info] fatal: not a git repository (or any parent up to mount point /)
Stopping at filesystem boundary (GIT_DISCOVERY_ACROSS_FILESYSTEM not set).
2024-08-25 17:54:50.433 [info] > git rev-parse --show-toplevel [3ms]
2024-08-25 17:54:50.433 [info] fatal: not a git repository (or any parent up to mount point /)
Stopping at filesystem boundary (GIT_DISCOVERY_ACROSS_FILESYSTEM not set).
2024-08-25 17:54:50.440 [info] > git rev-parse --show-toplevel [2ms]
2024-08-25 17:54:50.441 [info] fatal: not a git repository (or any parent up to mount point /)
Stopping at filesystem boundary (GIT_DISCOVERY_ACROSS_FILESYSTEM not set).
2024-08-25 17:54:50.446 [info] > git rev-parse --show-toplevel [2ms]
2024-08-25 17:54:50.446 [info] fatal: not a git repository (or any parent up to mount point /)
Stopping at filesystem boundary (GIT_DISCOVERY_ACROSS_FILESYSTEM not set).
2024-08-25 17:54:50.452 [info] > git rev-parse --show-toplevel [1ms]
2024-08-25 17:54:50.452 [info] fatal: not a git repository (or any parent up to mount point /)
Stopping at filesystem boundary (GIT_DISCOVERY_ACROSS_FILESYSTEM not set).
2024-08-25 17:54:50.457 [info] > git rev-parse --show-toplevel [1ms]
2024-08-25 17:54:50.457 [info] fatal: not a git repository (or any parent up to mount point /)
Stopping at filesystem boundary (GIT_DISCOVERY_ACROSS_FILESYSTEM not set).
2024-08-25 17:54:50.461 [info] > git rev-parse --show-toplevel [1ms]
2024-08-25 17:54:50.461 [info] fatal: not a git repository (or any parent up to mount point /)
Stopping at filesystem boundary (GIT_DISCOVERY_ACROSS_FILESYSTEM not set).
2024-08-25 17:54:50.465 [info] > git rev-parse --show-toplevel [1ms]
2024-08-25 17:54:50.465 [info] fatal: not a git repository (or any parent up to mount point /)
Stopping at filesystem boundary (GIT_DISCOVERY_ACROSS_FILESYSTEM not set).
2024-08-25 17:54:50.471 [info] > git rev-parse --show-toplevel [1ms]
2024-08-25 17:54:50.471 [info] fatal: not a git repository (or any parent up to mount point /)
Stopping at filesystem boundary (GIT_DISCOVERY_ACROSS_FILESYSTEM not set).
2024-08-25 17:54:50.475 [info] > git rev-parse --show-toplevel [1ms]
2024-08-25 17:54:50.475 [info] fatal: not a git repository (or any parent up to mount point /)
Stopping at filesystem boundary (GIT_DISCOVERY_ACROSS_FILESYSTEM not set).
2024-08-25 17:54:50.480 [info] > git rev-parse --show-toplevel [1ms]
2024-08-25 17:54:50.480 [info] fatal: not a git repository (or any parent up to mount point /)
Stopping at filesystem boundary (GIT_DISCOVERY_ACROSS_FILESYSTEM not set).
2024-08-25 17:54:50.485 [info] > git rev-parse --show-toplevel [1ms]
2024-08-25 17:54:50.485 [info] fatal: not a git repository (or any parent up to mount point /)
Stopping at filesystem boundary (GIT_DISCOVERY_ACROSS_FILESYSTEM not set).
2024-08-25 17:54:50.489 [info] > git rev-parse --show-toplevel [1ms]
2024-08-25 17:54:50.495 [info] fatal: not a git repository (or any parent up to mount point /)
Stopping at filesystem boundary (GIT_DISCOVERY_ACROSS_FILESYSTEM not set).
2024-08-25 17:54:50.500 [info] > git rev-parse --show-toplevel [2ms]
2024-08-25 17:54:50.500 [info] fatal: not a git repository (or any parent up to mount point /)
Stopping at filesystem boundary (GIT_DISCOVERY_ACROSS_FILESYSTEM not set).
2024-08-25 17:54:50.502 [info] [Model][doInitialScan] Initial repository scan completed - repositories (0), closed repositories (0), parent repositories (0), unsafe repositories (0)
2024-08-25 17:54:50.506 [info] > git rev-parse --show-toplevel [1ms]
2024-08-25 17:54:50.506 [info] fatal: not a git repository (or any parent up to mount point /)
Stopping at filesystem boundary (GIT_DISCOVERY_ACROSS_FILESYSTEM not set).
2024-08-25 17:54:50.561 [info] > git rev-parse --show-toplevel [1ms]
2024-08-25 17:54:50.561 [info] fatal: not a git repository (or any parent up to mount point /)
Stopping at filesystem boundary (GIT_DISCOVERY_ACROSS_FILESYSTEM not set).
2024-08-25 17:54:50.643 [info] > git rev-parse --show-toplevel [1ms]
2024-08-25 17:54:50.643 [info] fatal: not a git repository (or any parent up to mount point /)
Stopping at filesystem boundary (GIT_DISCOVERY_ACROSS_FILESYSTEM not set).
2024-08-25 17:54:51.706 [info] > git rev-parse --show-toplevel [1ms]
2024-08-25 17:54:51.706 [info] fatal: not a git repository (or any parent up to mount point /)
Stopping at filesystem boundary (GIT_DISCOVERY_ACROSS_FILESYSTEM not set).
2024-08-25 17:54:51.711 [info] > git rev-parse --show-toplevel [1ms]
2024-08-25 17:54:51.711 [info] fatal: not a git repository (or any parent up to mount point /)
Stopping at filesystem boundary (GIT_DISCOVERY_ACROSS_FILESYSTEM not set).
2024-08-25 17:54:51.841 [info] > git rev-parse --show-toplevel [1ms]
2024-08-25 17:54:51.841 [info] fatal: not a git repository (or any parent up to mount point /)
Stopping at filesystem boundary (GIT_DISCOVERY_ACROSS_FILESYSTEM not set).
2024-08-25 17:54:54.362 [info] > git rev-parse --show-toplevel [0ms]
2024-08-25 17:54:54.362 [info] fatal: not a git repository (or any parent up to mount point /)
Stopping at filesystem boundary (GIT_DISCOVERY_ACROSS_FILESYSTEM not set).
2024-08-25 17:54:54.385 [info] > git rev-parse --show-toplevel [1ms]
2024-08-25 17:54:54.385 [info] fatal: not a git repository (or any parent up to mount point /)
Stopping at filesystem boundary (GIT_DISCOVERY_ACROSS_FILESYSTEM not set).
2024-08-25 17:55:05.130 [info] > git rev-parse --show-toplevel [0ms]
2024-08-25 17:55:05.130 [info] fatal: not a git repository (or any parent up to mount point /)
Stopping at filesystem boundary (GIT_DISCOVERY_ACROSS_FILESYSTEM not set).
2024-08-25 17:55:05.140 [info] > git rev-parse --show-toplevel [2ms]
2024-08-25 17:55:05.140 [info] fatal: not a git repository (or any parent up to mount point /)
Stopping at filesystem boundary (GIT_DISCOVERY_ACROSS_FILESYSTEM not set).
2024-08-25 17:55:05.145 [info] > git rev-parse --show-toplevel [1ms]
2024-08-25 17:55:05.145 [info] fatal: not a git repository (or any parent up to mount point /)
Stopping at filesystem boundary (GIT_DISCOVERY_ACROSS_FILESYSTEM not set).
2024-08-25 17:55:07.348 [info] > git rev-parse --show-toplevel [1ms]
2024-08-25 17:55:07.348 [info] fatal: not a git repository (or any parent up to mount point /)
Stopping at filesystem boundary (GIT_DISCOVERY_ACROSS_FILESYSTEM not set).
2024-08-25 17:55:07.380 [info] > git rev-parse --show-toplevel [1ms]
2024-08-25 17:55:07.380 [info] fatal: not a git repository (or any parent up to mount point /)
Stopping at filesystem boundary (GIT_DISCOVERY_ACROSS_FILESYSTEM not set).
