2024-08-25 17:24:37.976 [info] [main] Log level: Info
2024-08-25 17:24:37.976 [info] [main] Validating found git in: "git"
2024-08-25 17:24:37.976 [info] [main] Using git "2.46.0" from "git"
2024-08-25 17:24:37.976 [info] [Model][doInitialScan] Initial repository scan started
2024-08-25 17:24:37.976 [info] > git rev-parse --show-toplevel [4ms]
2024-08-25 17:24:37.976 [info] fatal: not a git repository (or any parent up to mount point /)
Stopping at filesystem boundary (GIT_DISCOVERY_ACROSS_FILESYSTEM not set).
2024-08-25 17:24:37.976 [info] > git rev-parse --show-toplevel [3ms]
2024-08-25 17:24:37.976 [info] fatal: not a git repository (or any parent up to mount point /)
Stopping at filesystem boundary (GIT_DISCOVERY_ACROSS_FILESYSTEM not set).
2024-08-25 17:24:37.994 [info] > git rev-parse --show-toplevel [1ms]
2024-08-25 17:24:37.994 [info] fatal: not a git repository (or any parent up to mount point /)
Stopping at filesystem boundary (GIT_DISCOVERY_ACROSS_FILESYSTEM not set).
2024-08-25 17:24:38.004 [info] > git rev-parse --show-toplevel [1ms]
2024-08-25 17:24:38.004 [info] fatal: not a git repository (or any parent up to mount point /)
Stopping at filesystem boundary (GIT_DISCOVERY_ACROSS_FILESYSTEM not set).
2024-08-25 17:24:38.010 [info] > git rev-parse --show-toplevel [1ms]
2024-08-25 17:24:38.010 [info] fatal: not a git repository (or any parent up to mount point /)
Stopping at filesystem boundary (GIT_DISCOVERY_ACROSS_FILESYSTEM not set).
2024-08-25 17:24:38.016 [info] > git rev-parse --show-toplevel [2ms]
2024-08-25 17:24:38.016 [info] fatal: not a git repository (or any parent up to mount point /)
Stopping at filesystem boundary (GIT_DISCOVERY_ACROSS_FILESYSTEM not set).
2024-08-25 17:24:38.020 [info] > git rev-parse --show-toplevel [0ms]
2024-08-25 17:24:38.020 [info] fatal: not a git repository (or any parent up to mount point /)
Stopping at filesystem boundary (GIT_DISCOVERY_ACROSS_FILESYSTEM not set).
2024-08-25 17:24:38.025 [info] > git rev-parse --show-toplevel [1ms]
2024-08-25 17:24:38.025 [info] fatal: not a git repository (or any parent up to mount point /)
Stopping at filesystem boundary (GIT_DISCOVERY_ACROSS_FILESYSTEM not set).
2024-08-25 17:24:38.030 [info] > git rev-parse --show-toplevel [1ms]
2024-08-25 17:24:38.030 [info] fatal: not a git repository (or any parent up to mount point /)
Stopping at filesystem boundary (GIT_DISCOVERY_ACROSS_FILESYSTEM not set).
2024-08-25 17:24:38.033 [info] > git rev-parse --show-toplevel [1ms]
2024-08-25 17:24:38.033 [info] fatal: not a git repository (or any parent up to mount point /)
Stopping at filesystem boundary (GIT_DISCOVERY_ACROSS_FILESYSTEM not set).
2024-08-25 17:24:38.037 [info] > git rev-parse --show-toplevel [1ms]
2024-08-25 17:24:38.037 [info] fatal: not a git repository (or any parent up to mount point /)
Stopping at filesystem boundary (GIT_DISCOVERY_ACROSS_FILESYSTEM not set).
2024-08-25 17:24:38.041 [info] > git rev-parse --show-toplevel [1ms]
2024-08-25 17:24:38.041 [info] fatal: not a git repository (or any parent up to mount point /)
Stopping at filesystem boundary (GIT_DISCOVERY_ACROSS_FILESYSTEM not set).
2024-08-25 17:24:38.045 [info] > git rev-parse --show-toplevel [1ms]
2024-08-25 17:24:38.045 [info] fatal: not a git repository (or any parent up to mount point /)
Stopping at filesystem boundary (GIT_DISCOVERY_ACROSS_FILESYSTEM not set).
2024-08-25 17:24:38.048 [info] > git rev-parse --show-toplevel [1ms]
2024-08-25 17:24:38.048 [info] fatal: not a git repository (or any parent up to mount point /)
Stopping at filesystem boundary (GIT_DISCOVERY_ACROSS_FILESYSTEM not set).
2024-08-25 17:24:38.052 [info] > git rev-parse --show-toplevel [0ms]
2024-08-25 17:24:38.052 [info] fatal: not a git repository (or any parent up to mount point /)
Stopping at filesystem boundary (GIT_DISCOVERY_ACROSS_FILESYSTEM not set).
2024-08-25 17:24:38.055 [info] > git rev-parse --show-toplevel [1ms]
2024-08-25 17:24:38.055 [info] fatal: not a git repository (or any parent up to mount point /)
Stopping at filesystem boundary (GIT_DISCOVERY_ACROSS_FILESYSTEM not set).
2024-08-25 17:24:38.060 [info] > git rev-parse --show-toplevel [1ms]
2024-08-25 17:24:38.060 [info] fatal: not a git repository (or any parent up to mount point /)
Stopping at filesystem boundary (GIT_DISCOVERY_ACROSS_FILESYSTEM not set).
2024-08-25 17:24:38.065 [info] > git rev-parse --show-toplevel [1ms]
2024-08-25 17:24:38.065 [info] fatal: not a git repository (or any parent up to mount point /)
Stopping at filesystem boundary (GIT_DISCOVERY_ACROSS_FILESYSTEM not set).
2024-08-25 17:24:38.067 [info] [Model][doInitialScan] Initial repository scan completed - repositories (0), closed repositories (0), parent repositories (0), unsafe repositories (0)
2024-08-25 17:24:39.041 [info] > git rev-parse --show-toplevel [1ms]
2024-08-25 17:24:39.041 [info] fatal: not a git repository (or any parent up to mount point /)
Stopping at filesystem boundary (GIT_DISCOVERY_ACROSS_FILESYSTEM not set).
2024-08-25 17:25:47.552 [info] > git rev-parse --show-toplevel [2ms]
2024-08-25 17:25:47.552 [info] fatal: not a git repository (or any parent up to mount point /)
Stopping at filesystem boundary (GIT_DISCOVERY_ACROSS_FILESYSTEM not set).
2024-08-25 17:26:05.892 [info] > git rev-parse --show-toplevel [2ms]
2024-08-25 17:26:05.892 [info] fatal: not a git repository (or any parent up to mount point /)
Stopping at filesystem boundary (GIT_DISCOVERY_ACROSS_FILESYSTEM not set).
2024-08-25 17:26:11.423 [info] > git rev-parse --show-toplevel [2ms]
2024-08-25 17:26:11.423 [info] fatal: not a git repository (or any parent up to mount point /)
Stopping at filesystem boundary (GIT_DISCOVERY_ACROSS_FILESYSTEM not set).
2024-08-25 17:26:20.242 [info] > git rev-parse --show-toplevel [1ms]
2024-08-25 17:26:20.242 [info] fatal: not a git repository (or any parent up to mount point /)
Stopping at filesystem boundary (GIT_DISCOVERY_ACROSS_FILESYSTEM not set).
2024-08-25 17:26:25.480 [info] > git rev-parse --show-toplevel [1ms]
2024-08-25 17:26:25.480 [info] fatal: not a git repository (or any parent up to mount point /)
Stopping at filesystem boundary (GIT_DISCOVERY_ACROSS_FILESYSTEM not set).
2024-08-25 17:26:33.041 [info] > git rev-parse --show-toplevel [1ms]
2024-08-25 17:26:33.041 [info] fatal: not a git repository (or any parent up to mount point /)
Stopping at filesystem boundary (GIT_DISCOVERY_ACROSS_FILESYSTEM not set).
2024-08-25 17:26:34.709 [info] > git rev-parse --show-toplevel [1ms]
2024-08-25 17:26:34.709 [info] fatal: not a git repository (or any parent up to mount point /)
Stopping at filesystem boundary (GIT_DISCOVERY_ACROSS_FILESYSTEM not set).
2024-08-25 17:26:36.255 [info] > git rev-parse --show-toplevel [1ms]
2024-08-25 17:26:36.255 [info] fatal: not a git repository (or any parent up to mount point /)
Stopping at filesystem boundary (GIT_DISCOVERY_ACROSS_FILESYSTEM not set).
