2024-08-25 17:26:56.877 [info] [main] Log level: Info
2024-08-25 17:26:56.877 [info] [main] Validating found git in: "git"
2024-08-25 17:26:56.877 [info] [main] Using git "2.46.0" from "git"
2024-08-25 17:26:56.877 [info] [Model][doInitialScan] Initial repository scan started
2024-08-25 17:26:56.877 [info] > git rev-parse --show-toplevel [4ms]
2024-08-25 17:26:56.877 [info] fatal: not a git repository (or any parent up to mount point /)
Stopping at filesystem boundary (GIT_DISCOVERY_ACROSS_FILESYSTEM not set).
2024-08-25 17:26:56.883 [info] > git rev-parse --show-toplevel [1ms]
2024-08-25 17:26:56.883 [info] fatal: not a git repository (or any parent up to mount point /)
Stopping at filesystem boundary (GIT_DISCOVERY_ACROSS_FILESYSTEM not set).
2024-08-25 17:26:56.887 [info] > git rev-parse --show-toplevel [1ms]
2024-08-25 17:26:56.888 [info] fatal: not a git repository (or any parent up to mount point /)
Stopping at filesystem boundary (GIT_DISCOVERY_ACROSS_FILESYSTEM not set).
2024-08-25 17:26:56.892 [info] > git rev-parse --show-toplevel [1ms]
2024-08-25 17:26:56.892 [info] fatal: not a git repository (or any parent up to mount point /)
Stopping at filesystem boundary (GIT_DISCOVERY_ACROSS_FILESYSTEM not set).
2024-08-25 17:26:56.896 [info] > git rev-parse --show-toplevel [1ms]
2024-08-25 17:26:56.896 [info] fatal: not a git repository (or any parent up to mount point /)
Stopping at filesystem boundary (GIT_DISCOVERY_ACROSS_FILESYSTEM not set).
2024-08-25 17:26:56.900 [info] > git rev-parse --show-toplevel [1ms]
2024-08-25 17:26:56.900 [info] fatal: not a git repository (or any parent up to mount point /)
Stopping at filesystem boundary (GIT_DISCOVERY_ACROSS_FILESYSTEM not set).
2024-08-25 17:26:56.903 [info] > git rev-parse --show-toplevel [1ms]
2024-08-25 17:26:56.903 [info] fatal: not a git repository (or any parent up to mount point /)
Stopping at filesystem boundary (GIT_DISCOVERY_ACROSS_FILESYSTEM not set).
2024-08-25 17:26:56.906 [info] > git rev-parse --show-toplevel [1ms]
2024-08-25 17:26:56.906 [info] fatal: not a git repository (or any parent up to mount point /)
Stopping at filesystem boundary (GIT_DISCOVERY_ACROSS_FILESYSTEM not set).
2024-08-25 17:26:56.910 [info] > git rev-parse --show-toplevel [1ms]
2024-08-25 17:26:56.910 [info] fatal: not a git repository (or any parent up to mount point /)
Stopping at filesystem boundary (GIT_DISCOVERY_ACROSS_FILESYSTEM not set).
2024-08-25 17:26:56.914 [info] > git rev-parse --show-toplevel [1ms]
2024-08-25 17:26:56.914 [info] fatal: not a git repository (or any parent up to mount point /)
Stopping at filesystem boundary (GIT_DISCOVERY_ACROSS_FILESYSTEM not set).
2024-08-25 17:26:56.918 [info] > git rev-parse --show-toplevel [1ms]
2024-08-25 17:26:56.918 [info] fatal: not a git repository (or any parent up to mount point /)
Stopping at filesystem boundary (GIT_DISCOVERY_ACROSS_FILESYSTEM not set).
2024-08-25 17:26:56.921 [info] > git rev-parse --show-toplevel [1ms]
2024-08-25 17:26:56.921 [info] fatal: not a git repository (or any parent up to mount point /)
Stopping at filesystem boundary (GIT_DISCOVERY_ACROSS_FILESYSTEM not set).
2024-08-25 17:26:56.924 [info] > git rev-parse --show-toplevel [1ms]
2024-08-25 17:26:56.924 [info] fatal: not a git repository (or any parent up to mount point /)
Stopping at filesystem boundary (GIT_DISCOVERY_ACROSS_FILESYSTEM not set).
2024-08-25 17:26:56.928 [info] > git rev-parse --show-toplevel [1ms]
2024-08-25 17:26:56.928 [info] fatal: not a git repository (or any parent up to mount point /)
Stopping at filesystem boundary (GIT_DISCOVERY_ACROSS_FILESYSTEM not set).
2024-08-25 17:26:56.933 [info] > git rev-parse --show-toplevel [1ms]
2024-08-25 17:26:56.933 [info] fatal: not a git repository (or any parent up to mount point /)
Stopping at filesystem boundary (GIT_DISCOVERY_ACROSS_FILESYSTEM not set).
2024-08-25 17:26:56.936 [info] > git rev-parse --show-toplevel [1ms]
2024-08-25 17:26:56.936 [info] fatal: not a git repository (or any parent up to mount point /)
Stopping at filesystem boundary (GIT_DISCOVERY_ACROSS_FILESYSTEM not set).
2024-08-25 17:26:56.939 [info] > git rev-parse --show-toplevel [1ms]
2024-08-25 17:26:56.939 [info] fatal: not a git repository (or any parent up to mount point /)
Stopping at filesystem boundary (GIT_DISCOVERY_ACROSS_FILESYSTEM not set).
2024-08-25 17:26:56.941 [info] [Model][doInitialScan] Initial repository scan completed - repositories (0), closed repositories (0), parent repositories (0), unsafe repositories (0)
2024-08-25 17:26:58.317 [info] > git rev-parse --show-toplevel [1ms]
2024-08-25 17:26:58.317 [info] fatal: not a git repository (or any parent up to mount point /)
Stopping at filesystem boundary (GIT_DISCOVERY_ACROSS_FILESYSTEM not set).
2024-08-25 17:26:58.351 [info] > git rev-parse --show-toplevel [0ms]
2024-08-25 17:26:58.351 [info] fatal: not a git repository (or any parent up to mount point /)
Stopping at filesystem boundary (GIT_DISCOVERY_ACROSS_FILESYSTEM not set).
2024-08-25 17:26:58.432 [info] > git rev-parse --show-toplevel [1ms]
2024-08-25 17:26:58.432 [info] fatal: not a git repository (or any parent up to mount point /)
Stopping at filesystem boundary (GIT_DISCOVERY_ACROSS_FILESYSTEM not set).
2024-08-25 17:26:58.787 [info] > git rev-parse --show-toplevel [1ms]
2024-08-25 17:26:58.787 [info] fatal: not a git repository (or any parent up to mount point /)
Stopping at filesystem boundary (GIT_DISCOVERY_ACROSS_FILESYSTEM not set).
2024-08-25 17:27:00.726 [info] > git rev-parse --show-toplevel [2ms]
2024-08-25 17:27:00.726 [info] fatal: not a git repository (or any parent up to mount point /)
Stopping at filesystem boundary (GIT_DISCOVERY_ACROSS_FILESYSTEM not set).
2024-08-25 17:27:00.914 [info] > git rev-parse --show-toplevel [4ms]
2024-08-25 17:27:00.914 [info] fatal: not a git repository (or any parent up to mount point /)
Stopping at filesystem boundary (GIT_DISCOVERY_ACROSS_FILESYSTEM not set).
2024-08-25 17:27:04.757 [info] > git rev-parse --show-toplevel [1ms]
2024-08-25 17:27:04.757 [info] fatal: not a git repository (or any parent up to mount point /)
Stopping at filesystem boundary (GIT_DISCOVERY_ACROSS_FILESYSTEM not set).
2024-08-25 17:27:40.179 [info] > git rev-parse --show-toplevel [2ms]
2024-08-25 17:27:40.179 [info] fatal: not a git repository (or any parent up to mount point /)
Stopping at filesystem boundary (GIT_DISCOVERY_ACROSS_FILESYSTEM not set).
2024-08-25 17:28:43.092 [info] > git rev-parse --show-toplevel [1ms]
2024-08-25 17:28:43.092 [info] fatal: not a git repository (or any parent up to mount point /)
Stopping at filesystem boundary (GIT_DISCOVERY_ACROSS_FILESYSTEM not set).
