2024-08-25 17:54:39.469 [info] [main] Log level: Info
2024-08-25 17:54:39.469 [info] [main] Validating found git in: "git"
2024-08-25 17:54:39.469 [info] [main] Using git "2.46.0" from "git"
2024-08-25 17:54:39.469 [info] [Model][doInitialScan] Initial repository scan started
2024-08-25 17:54:39.469 [info] > git rev-parse --show-toplevel [12ms]
2024-08-25 17:54:39.469 [info] fatal: not a git repository (or any parent up to mount point /)
Stopping at filesystem boundary (GIT_DISCOVERY_ACROSS_FILESYSTEM not set).
2024-08-25 17:54:39.469 [info] > git rev-parse --show-toplevel [2ms]
2024-08-25 17:54:39.469 [info] fatal: not a git repository (or any parent up to mount point /)
Stopping at filesystem boundary (GIT_DISCOVERY_ACROSS_FILESYSTEM not set).
2024-08-25 17:54:39.469 [info] > git rev-parse --show-toplevel [2ms]
2024-08-25 17:54:39.469 [info] fatal: not a git repository (or any parent up to mount point /)
Stopping at filesystem boundary (GIT_DISCOVERY_ACROSS_FILESYSTEM not set).
2024-08-25 17:54:39.474 [info] > git rev-parse --show-toplevel [1ms]
2024-08-25 17:54:39.474 [info] fatal: not a git repository (or any parent up to mount point /)
Stopping at filesystem boundary (GIT_DISCOVERY_ACROSS_FILESYSTEM not set).
2024-08-25 17:54:39.479 [info] > git rev-parse --show-toplevel [2ms]
2024-08-25 17:54:39.479 [info] fatal: not a git repository (or any parent up to mount point /)
Stopping at filesystem boundary (GIT_DISCOVERY_ACROSS_FILESYSTEM not set).
2024-08-25 17:54:39.484 [info] > git rev-parse --show-toplevel [2ms]
2024-08-25 17:54:39.484 [info] fatal: not a git repository (or any parent up to mount point /)
Stopping at filesystem boundary (GIT_DISCOVERY_ACROSS_FILESYSTEM not set).
2024-08-25 17:54:39.505 [info] > git rev-parse --show-toplevel [5ms]
2024-08-25 17:54:39.507 [info] fatal: not a git repository (or any parent up to mount point /)
Stopping at filesystem boundary (GIT_DISCOVERY_ACROSS_FILESYSTEM not set).
2024-08-25 17:54:39.520 [info] > git rev-parse --show-toplevel [1ms]
2024-08-25 17:54:39.520 [info] fatal: not a git repository (or any parent up to mount point /)
Stopping at filesystem boundary (GIT_DISCOVERY_ACROSS_FILESYSTEM not set).
2024-08-25 17:54:39.526 [info] > git rev-parse --show-toplevel [2ms]
2024-08-25 17:54:39.526 [info] fatal: not a git repository (or any parent up to mount point /)
Stopping at filesystem boundary (GIT_DISCOVERY_ACROSS_FILESYSTEM not set).
2024-08-25 17:54:39.531 [info] > git rev-parse --show-toplevel [1ms]
2024-08-25 17:54:39.531 [info] fatal: not a git repository (or any parent up to mount point /)
Stopping at filesystem boundary (GIT_DISCOVERY_ACROSS_FILESYSTEM not set).
2024-08-25 17:54:39.554 [info] > git rev-parse --show-toplevel [19ms]
2024-08-25 17:54:39.554 [info] fatal: not a git repository (or any parent up to mount point /)
Stopping at filesystem boundary (GIT_DISCOVERY_ACROSS_FILESYSTEM not set).
2024-08-25 17:54:39.560 [info] > git rev-parse --show-toplevel [2ms]
2024-08-25 17:54:39.560 [info] fatal: not a git repository (or any parent up to mount point /)
Stopping at filesystem boundary (GIT_DISCOVERY_ACROSS_FILESYSTEM not set).
2024-08-25 17:54:39.565 [info] > git rev-parse --show-toplevel [1ms]
2024-08-25 17:54:39.565 [info] fatal: not a git repository (or any parent up to mount point /)
Stopping at filesystem boundary (GIT_DISCOVERY_ACROSS_FILESYSTEM not set).
2024-08-25 17:54:39.568 [info] > git rev-parse --show-toplevel [0ms]
2024-08-25 17:54:39.569 [info] fatal: not a git repository (or any parent up to mount point /)
Stopping at filesystem boundary (GIT_DISCOVERY_ACROSS_FILESYSTEM not set).
2024-08-25 17:54:39.573 [info] > git rev-parse --show-toplevel [1ms]
2024-08-25 17:54:39.573 [info] fatal: not a git repository (or any parent up to mount point /)
Stopping at filesystem boundary (GIT_DISCOVERY_ACROSS_FILESYSTEM not set).
2024-08-25 17:54:39.577 [info] > git rev-parse --show-toplevel [1ms]
2024-08-25 17:54:39.577 [info] fatal: not a git repository (or any parent up to mount point /)
Stopping at filesystem boundary (GIT_DISCOVERY_ACROSS_FILESYSTEM not set).
2024-08-25 17:54:39.581 [info] > git rev-parse --show-toplevel [1ms]
2024-08-25 17:54:39.581 [info] fatal: not a git repository (or any parent up to mount point /)
Stopping at filesystem boundary (GIT_DISCOVERY_ACROSS_FILESYSTEM not set).
2024-08-25 17:54:39.585 [info] > git rev-parse --show-toplevel [1ms]
2024-08-25 17:54:39.585 [info] fatal: not a git repository (or any parent up to mount point /)
Stopping at filesystem boundary (GIT_DISCOVERY_ACROSS_FILESYSTEM not set).
2024-08-25 17:54:39.589 [info] > git rev-parse --show-toplevel [1ms]
2024-08-25 17:54:39.589 [info] fatal: not a git repository (or any parent up to mount point /)
Stopping at filesystem boundary (GIT_DISCOVERY_ACROSS_FILESYSTEM not set).
2024-08-25 17:54:39.594 [info] > git rev-parse --show-toplevel [2ms]
2024-08-25 17:54:39.594 [info] fatal: not a git repository (or any parent up to mount point /)
Stopping at filesystem boundary (GIT_DISCOVERY_ACROSS_FILESYSTEM not set).
2024-08-25 17:54:39.599 [info] > git rev-parse --show-toplevel [1ms]
2024-08-25 17:54:39.599 [info] fatal: not a git repository (or any parent up to mount point /)
Stopping at filesystem boundary (GIT_DISCOVERY_ACROSS_FILESYSTEM not set).
2024-08-25 17:54:39.605 [info] > git rev-parse --show-toplevel [1ms]
2024-08-25 17:54:39.605 [info] fatal: not a git repository (or any parent up to mount point /)
Stopping at filesystem boundary (GIT_DISCOVERY_ACROSS_FILESYSTEM not set).
2024-08-25 17:54:39.607 [info] [Model][doInitialScan] Initial repository scan completed - repositories (0), closed repositories (0), parent repositories (0), unsafe repositories (0)
2024-08-25 17:54:39.633 [info] > git rev-parse --show-toplevel [1ms]
2024-08-25 17:54:39.633 [info] fatal: not a git repository (or any parent up to mount point /)
Stopping at filesystem boundary (GIT_DISCOVERY_ACROSS_FILESYSTEM not set).
2024-08-25 17:54:39.796 [info] > git rev-parse --show-toplevel [1ms]
2024-08-25 17:54:39.796 [info] fatal: not a git repository (or any parent up to mount point /)
Stopping at filesystem boundary (GIT_DISCOVERY_ACROSS_FILESYSTEM not set).
2024-08-25 17:54:40.656 [info] > git rev-parse --show-toplevel [4ms]
2024-08-25 17:54:40.656 [info] fatal: not a git repository (or any parent up to mount point /)
Stopping at filesystem boundary (GIT_DISCOVERY_ACROSS_FILESYSTEM not set).
2024-08-25 17:54:42.558 [info] > git rev-parse --show-toplevel [0ms]
2024-08-25 17:54:42.558 [info] fatal: not a git repository (or any parent up to mount point /)
Stopping at filesystem boundary (GIT_DISCOVERY_ACROSS_FILESYSTEM not set).
