2024-08-25 13:43:30.518 [info] Getting Manifest... lihui.vs-color-picker
2024-08-25 13:43:30.526 [info] Installing extension: lihui.vs-color-picker {"isMachineScoped":false,"installPreReleaseVersion":false,"pinned":false,"profileLocation":{"$mid":1,"external":"vscode-userdata:/home/vstkxj/.vscode/extensions/extensions.json","path":"/home/vstkxj/.vscode/extensions/extensions.json","scheme":"vscode-userdata"},"installOnlyNewlyAddedFromExtensionPack":true,"isApplicationScoped":false,"productVersion":{"version":"1.92.2","date":"2024-08-14T17:29:30.058Z"}}
2024-08-25 13:43:31.047 [info] Extension signature verification result for lihui.vs-color-picker: UnknownError. Executed: true. Duration: 73ms.
2024-08-25 13:43:31.058 [info] Extracted extension to file:///home/vstkxj/.vscode/extensions/lihui.vs-color-picker-1.0.0: lihui.vs-color-picker
2024-08-25 13:43:31.069 [info] Renamed to /home/vstkxj/.vscode/extensions/lihui.vs-color-picker-1.0.0
2024-08-25 13:43:31.086 [info] Extension installed successfully: lihui.vs-color-picker vscode-userdata:/home/vstkxj/.vscode/extensions/extensions.json
2024-08-25 13:43:31.150 [error] [uncaught exception in sharedProcess]: Error: ENOENT: no such file or directory, stat '/home/vstkxj/.vscode/extensions/extensions.json.vsctmp': EntryNotFound (FileSystemError): Error: ENOENT: no such file or directory, stat '/home/vstkxj/.vscode/extensions/extensions.json.vsctmp'
    at o.create (/opt/visual-studio-code/resources/app/out/vs/code/node/sharedProcess/sharedProcessMain.js:54:19408)
    at u (/opt/visual-studio-code/resources/app/out/vs/code/node/sharedProcess/sharedProcessMain.js:54:19519)
    at p.hb (/opt/visual-studio-code/resources/app/out/vs/code/node/sharedProcess/sharedProcessMain.js:59:36714)
    at p.stat (/opt/visual-studio-code/resources/app/out/vs/code/node/sharedProcess/sharedProcessMain.js:59:29034)
    at async c.stat (/opt/visual-studio-code/resources/app/out/vs/code/node/sharedProcess/sharedProcessMain.js:59:14940)
    at async z.ub (/opt/visual-studio-code/resources/app/out/vs/code/node/sharedProcess/sharedProcessMain.js:105:120384)
2024-08-25 13:43:58.743 [info] Getting Manifest... naumovs.color-highlight
2024-08-25 13:43:58.747 [info] Installing extension: naumovs.color-highlight {"isMachineScoped":false,"installPreReleaseVersion":false,"pinned":false,"profileLocation":{"$mid":1,"external":"vscode-userdata:/home/vstkxj/.vscode/extensions/extensions.json","path":"/home/vstkxj/.vscode/extensions/extensions.json","scheme":"vscode-userdata"},"installOnlyNewlyAddedFromExtensionPack":true,"isApplicationScoped":false,"productVersion":{"version":"1.92.2","date":"2024-08-14T17:29:30.058Z"}}
2024-08-25 13:44:02.642 [info] Extension signature verification result for naumovs.color-highlight: UnknownError. Executed: true. Duration: 3ms.
2024-08-25 13:44:02.762 [info] Extracted extension to file:///home/vstkxj/.vscode/extensions/naumovs.color-highlight-2.8.0: naumovs.color-highlight
2024-08-25 13:44:02.780 [info] Renamed to /home/vstkxj/.vscode/extensions/naumovs.color-highlight-2.8.0
2024-08-25 13:44:02.806 [info] Extension installed successfully: naumovs.color-highlight vscode-userdata:/home/vstkxj/.vscode/extensions/extensions.json
2024-08-25 13:44:02.820 [error] [uncaught exception in sharedProcess]: Error: ENOENT: no such file or directory, stat '/home/vstkxj/.vscode/extensions/extensions.json.vsctmp': EntryNotFound (FileSystemError): Error: ENOENT: no such file or directory, stat '/home/vstkxj/.vscode/extensions/extensions.json.vsctmp'
    at o.create (/opt/visual-studio-code/resources/app/out/vs/code/node/sharedProcess/sharedProcessMain.js:54:19408)
    at u (/opt/visual-studio-code/resources/app/out/vs/code/node/sharedProcess/sharedProcessMain.js:54:19519)
    at p.hb (/opt/visual-studio-code/resources/app/out/vs/code/node/sharedProcess/sharedProcessMain.js:59:36714)
    at p.stat (/opt/visual-studio-code/resources/app/out/vs/code/node/sharedProcess/sharedProcessMain.js:59:29034)
    at async c.stat (/opt/visual-studio-code/resources/app/out/vs/code/node/sharedProcess/sharedProcessMain.js:59:14940)
    at async z.ub (/opt/visual-studio-code/resources/app/out/vs/code/node/sharedProcess/sharedProcessMain.js:105:120384)
