2024-08-29 22:54:54.673 [info] [main] Log level: Info
2024-08-29 22:54:54.673 [info] [main] Validating found git in: "git"
2024-08-29 22:54:54.711 [info] [main] Using git "2.46.0" from "git"
2024-08-29 22:54:54.711 [info] [Model][doInitialScan] Initial repository scan started
2024-08-29 22:54:54.749 [info] > git rev-parse --show-toplevel [33ms]
2024-08-29 22:54:54.749 [info] fatal: not a git repository (or any parent up to mount point /)
Stopping at filesystem boundary (GIT_DISCOVERY_ACROSS_FILESYSTEM not set).
2024-08-29 22:54:54.782 [info] > git rev-parse --show-toplevel [9ms]
2024-08-29 22:54:54.782 [info] fatal: not a git repository (or any parent up to mount point /)
Stopping at filesystem boundary (GIT_DISCOVERY_ACROSS_FILESYSTEM not set).
2024-08-29 22:54:54.787 [info] > git rev-parse --show-toplevel [2ms]
2024-08-29 22:54:54.787 [info] fatal: not a git repository (or any parent up to mount point /)
Stopping at filesystem boundary (GIT_DISCOVERY_ACROSS_FILESYSTEM not set).
2024-08-29 22:54:54.790 [info] > git rev-parse --show-toplevel [0ms]
2024-08-29 22:54:54.790 [info] fatal: not a git repository (or any parent up to mount point /)
Stopping at filesystem boundary (GIT_DISCOVERY_ACROSS_FILESYSTEM not set).
2024-08-29 22:54:54.793 [info] > git rev-parse --show-toplevel [1ms]
2024-08-29 22:54:54.793 [info] fatal: not a git repository (or any parent up to mount point /)
Stopping at filesystem boundary (GIT_DISCOVERY_ACROSS_FILESYSTEM not set).
2024-08-29 22:54:54.795 [info] > git rev-parse --show-toplevel [1ms]
2024-08-29 22:54:54.795 [info] fatal: not a git repository (or any parent up to mount point /)
Stopping at filesystem boundary (GIT_DISCOVERY_ACROSS_FILESYSTEM not set).
2024-08-29 22:54:54.797 [info] > git rev-parse --show-toplevel [0ms]
2024-08-29 22:54:54.797 [info] fatal: not a git repository (or any parent up to mount point /)
Stopping at filesystem boundary (GIT_DISCOVERY_ACROSS_FILESYSTEM not set).
2024-08-29 22:54:54.800 [info] > git rev-parse --show-toplevel [1ms]
2024-08-29 22:54:54.800 [info] fatal: not a git repository (or any parent up to mount point /)
Stopping at filesystem boundary (GIT_DISCOVERY_ACROSS_FILESYSTEM not set).
2024-08-29 22:54:54.802 [info] > git rev-parse --show-toplevel [1ms]
2024-08-29 22:54:54.802 [info] fatal: not a git repository (or any parent up to mount point /)
Stopping at filesystem boundary (GIT_DISCOVERY_ACROSS_FILESYSTEM not set).
2024-08-29 22:54:54.804 [info] > git rev-parse --show-toplevel [1ms]
2024-08-29 22:54:54.804 [info] fatal: not a git repository (or any parent up to mount point /)
Stopping at filesystem boundary (GIT_DISCOVERY_ACROSS_FILESYSTEM not set).
2024-08-29 22:54:54.806 [info] > git rev-parse --show-toplevel [0ms]
2024-08-29 22:54:54.806 [info] fatal: not a git repository (or any parent up to mount point /)
Stopping at filesystem boundary (GIT_DISCOVERY_ACROSS_FILESYSTEM not set).
2024-08-29 22:54:54.809 [info] > git rev-parse --show-toplevel [0ms]
2024-08-29 22:54:54.809 [info] fatal: not a git repository (or any parent up to mount point /)
Stopping at filesystem boundary (GIT_DISCOVERY_ACROSS_FILESYSTEM not set).
2024-08-29 22:54:54.811 [info] > git rev-parse --show-toplevel [1ms]
2024-08-29 22:54:54.811 [info] fatal: not a git repository (or any parent up to mount point /)
Stopping at filesystem boundary (GIT_DISCOVERY_ACROSS_FILESYSTEM not set).
2024-08-29 22:54:54.813 [info] > git rev-parse --show-toplevel [0ms]
2024-08-29 22:54:54.813 [info] fatal: not a git repository (or any parent up to mount point /)
Stopping at filesystem boundary (GIT_DISCOVERY_ACROSS_FILESYSTEM not set).
2024-08-29 22:54:54.816 [info] > git rev-parse --show-toplevel [1ms]
2024-08-29 22:54:54.816 [info] fatal: not a git repository (or any parent up to mount point /)
Stopping at filesystem boundary (GIT_DISCOVERY_ACROSS_FILESYSTEM not set).
2024-08-29 22:54:54.818 [info] > git rev-parse --show-toplevel [1ms]
2024-08-29 22:54:54.818 [info] fatal: not a git repository (or any parent up to mount point /)
Stopping at filesystem boundary (GIT_DISCOVERY_ACROSS_FILESYSTEM not set).
2024-08-29 22:54:54.821 [info] > git rev-parse --show-toplevel [1ms]
2024-08-29 22:54:54.821 [info] fatal: not a git repository (or any parent up to mount point /)
Stopping at filesystem boundary (GIT_DISCOVERY_ACROSS_FILESYSTEM not set).
2024-08-29 22:54:54.823 [info] > git rev-parse --show-toplevel [0ms]
2024-08-29 22:54:54.823 [info] fatal: not a git repository (or any parent up to mount point /)
Stopping at filesystem boundary (GIT_DISCOVERY_ACROSS_FILESYSTEM not set).
2024-08-29 22:54:54.825 [info] > git rev-parse --show-toplevel [0ms]
2024-08-29 22:54:54.825 [info] fatal: not a git repository (or any parent up to mount point /)
Stopping at filesystem boundary (GIT_DISCOVERY_ACROSS_FILESYSTEM not set).
2024-08-29 22:54:54.827 [info] > git rev-parse --show-toplevel [0ms]
2024-08-29 22:54:54.827 [info] fatal: not a git repository (or any parent up to mount point /)
Stopping at filesystem boundary (GIT_DISCOVERY_ACROSS_FILESYSTEM not set).
2024-08-29 22:54:54.829 [info] > git rev-parse --show-toplevel [0ms]
2024-08-29 22:54:54.829 [info] fatal: not a git repository (or any parent up to mount point /)
Stopping at filesystem boundary (GIT_DISCOVERY_ACROSS_FILESYSTEM not set).
2024-08-29 22:54:54.830 [info] [Model][doInitialScan] Initial repository scan completed - repositories (0), closed repositories (0), parent repositories (0), unsafe repositories (0)
2024-08-29 22:54:55.970 [info] > git rev-parse --show-toplevel [1ms]
2024-08-29 22:54:55.970 [info] fatal: not a git repository (or any parent up to mount point /)
Stopping at filesystem boundary (GIT_DISCOVERY_ACROSS_FILESYSTEM not set).
2024-08-29 22:54:59.325 [info] > git rev-parse --show-toplevel [1ms]
2024-08-29 22:54:59.325 [info] fatal: not a git repository (or any parent up to mount point /)
Stopping at filesystem boundary (GIT_DISCOVERY_ACROSS_FILESYSTEM not set).
